<?xml version="1.0" encoding="UTF-8"?>
<!-- Generated by org.testng.reporters.JUnitReportReporter -->
<testsuite skipped="0" hostname="Ravindra" name="TestCases.TC_01" tests="1" failures="0" timestamp="06 Aug 2021 01:57:28 GMT" time="39.794" errors="0">
  <testcase name="Tc_FbLogin" time="39.794" classname="TestCases.TC_01"/>
</testsuite> <!-- TestCases.TC_01 -->
