<?xml version="1.0" encoding="UTF-8"?>
<!-- Generated by org.testng.reporters.JUnitReportReporter -->
<testsuite skipped="0" hostname="Ravindra" name="TestCases.TC_01" tests="1" failures="0" timestamp="01 Aug 2021 04:01:16 GMT" time="11.036" errors="0">
  <testcase name="Tc_FbLogin" time="11.036" classname="TestCases.TC_01"/>
</testsuite> <!-- TestCases.TC_01 -->
